[2025-07-15 09:16:10] [INFO] Bulk operations started with args: git-status
[2025-07-15 09:16:10] [INFO] HEADER: Bulk Infrastructure Operations
[2025-07-15 09:16:10] [INFO] Operation: git-status
[2025-07-15 09:16:10] [INFO] Parallel jobs: 8
[2025-07-15 09:16:10] [INFO] Project root: /Users/liviu/Desktop/infrastructure-test
[2025-07-15 09:16:10] [INFO] Log file: /Users/liviu/Desktop/infrastructure-test/scripts/logs/bulk-operations-20250715-091610.log
[2025-07-15 09:16:10] [INFO] SECTION: Bulk Git Status Check
[2025-07-15 09:16:10] [INFO] Found 3 Git repositories
[2025-07-15 09:16:10] [INFO] SUBSECTION: Repository: mob-infrastructure-cicd
[0;36mRepository:[0m /Users/liviu/Desktop/infrastructure-test/shared/mob-infrastructure-cicd
[0;34mBranch:[0m main
[0;34mStatus:[0m
  [0;32mClean working directory[0m

[2025-07-15 09:16:10] [INFO] SUBSECTION: Repository: mob-infrastructure-core
[0;36mRepository:[0m /Users/liviu/Desktop/infrastructure-test/shared/mob-infrastructure-core
[0;34mBranch:[0m main
[0;34mStatus:[0m
  [0;34mUntracked:[0m TEST.md

[2025-07-15 09:16:10] [INFO] SUBSECTION: Repository: network
[0;36mRepository:[0m /Users/liviu/Desktop/infrastructure-test/teams/ios/dev/network
[0;34mBranch:[0m main
[0;34mStatus:[0m
  [1;33mModified:[0m README.md

[2025-07-15 09:16:10] [SUCCESS] Git status check completed for 3 repositories
[2025-07-15 09:16:10] [INFO] HEADER: BULK OPERATIONS SUMMARY
[2025-07-15 09:16:10] [INFO] Bulk operations completed
[2025-07-15 09:16:10] [SUCCESS] Bulk operations completed successfully!
[2025-07-15 09:16:10] [INFO] Cleanup completed
