[2025-07-15 09:14:59] [INFO] Bulk operations started with args: tf-fmt
[2025-07-15 09:14:59] [INFO] HEADER: Bulk Infrastructure Operations
[2025-07-15 09:14:59] [INFO] Operation: tf-fmt
[2025-07-15 09:14:59] [INFO] Parallel jobs: 8
[2025-07-15 09:14:59] [INFO] Project root: /Users/liviu/Desktop/infrastructure-test
[2025-07-15 09:14:59] [INFO] Log file: /Users/liviu/Desktop/infrastructure-test/scripts/logs/bulk-operations-20250715-091459.log
[2025-07-15 09:14:59] [INFO] SECTION: Bulk Terraform Format
[2025-07-15 09:15:00] [INFO] Formatting 23 Terraform directories
[2025-07-15 09:15:00] [PROGRESS] Formatting: data-stores
[2025-07-15 09:15:00] [PROGRESS] Formatting: environment-config
[2025-07-15 09:15:00] [PROGRESS] Formatting: github-oidc
[2025-07-15 09:15:00] [PROGRESS] Formatting: lambda
[2025-07-15 09:15:00] [PROGRESS] Formatting: network
[2025-07-15 09:15:00] [PROGRESS] Formatting: ses
[2025-07-15 09:15:00] [PROGRESS] Formatting: alarm-to-slack
[2025-07-15 09:15:00] [PROGRESS] Formatting: aws-iot
[2025-07-15 09:15:00] [SUCCESS] network: Formatting completed successfully
[2025-07-15 09:15:00] [SUCCESS] environment-config: Formatting completed successfully
[2025-07-15 09:15:00] [SUCCESS] aws-iot: Formatting completed successfully
[2025-07-15 09:15:00] [SUCCESS] ses: Formatting completed successfully
[2025-07-15 09:15:00] [SUCCESS] lambda: Formatting completed successfully
[2025-07-15 09:15:00] [SUCCESS] alarm-to-slack: Formatting completed successfully
[2025-07-15 09:15:00] [SUCCESS] data-stores: Formatting completed successfully
[2025-07-15 09:15:00] [SUCCESS] github-oidc: Formatting completed successfully
[2025-07-15 09:15:00] [PROGRESS] Formatting: cloudwatch-metrics
[2025-07-15 09:15:00] [SUCCESS] cloudwatch-metrics: Formatting completed successfully
[2025-07-15 09:15:00] [PROGRESS] Formatting: data-stores
[2025-07-15 09:15:00] [SUCCESS] data-stores: Formatting completed successfully
[2025-07-15 09:15:00] [PROGRESS] Formatting: dns-email
[2025-07-15 09:15:00] [SUCCESS] dns-email: Formatting completed successfully
[2025-07-15 09:15:00] [PROGRESS] Formatting: eks
[2025-07-15 09:15:00] [SUCCESS] eks: Formatting completed successfully
[2025-07-15 09:15:00] [PROGRESS] Formatting: elastic-cache
[2025-07-15 09:15:01] [SUCCESS] elastic-cache: Formatting completed successfully
[2025-07-15 09:15:01] [PROGRESS] Formatting: lambda
[2025-07-15 09:15:01] [SUCCESS] lambda: Formatting completed successfully
[2025-07-15 09:15:01] [PROGRESS] Formatting: network
[2025-07-15 09:15:01] [SUCCESS] network: Formatting completed successfully
[2025-07-15 09:15:01] [PROGRESS] Formatting: queues
[2025-07-15 09:15:01] [SUCCESS] queues: Formatting completed successfully
[2025-07-15 09:15:01] [PROGRESS] Formatting: route53
[2025-07-15 09:15:01] [SUCCESS] route53: Formatting completed successfully
[2025-07-15 09:15:01] [PROGRESS] Formatting: s3
[2025-07-15 09:15:01] [SUCCESS] s3: Formatting completed successfully
[2025-07-15 09:15:01] [PROGRESS] Formatting: s3-static-site
[2025-07-15 09:15:01] [SUCCESS] s3-static-site: Formatting completed successfully
[2025-07-15 09:15:01] [PROGRESS] Formatting: secrets
[2025-07-15 09:15:01] [SUCCESS] secrets: Formatting completed successfully
[2025-07-15 09:15:01] [PROGRESS] Formatting: ses
[2025-07-15 09:15:01] [SUCCESS] ses: Formatting completed successfully
[2025-07-15 09:15:02] [PROGRESS] Formatting: terraform-backend
[2025-07-15 09:15:02] [SUCCESS] terraform-backend: Formatting completed successfully
[2025-07-15 09:15:02] [PROGRESS] Formatting: network
[2025-07-15 09:15:02] [INFO] Cleanup completed
