Infrastructure Health Reporter - Tue Jul 15 12:51:09 EDT 2025
Project Root: /Users/liviu/Desktop/infrastructure-test
Report Generation Started: July 15, 2025 at 12:51:09
========================================
[2025-07-15 12:51:09] [INFO] SECTION: Collecting Infrastructure Health Metrics
[2025-07-15 12:51:09] [INFO] Running infrastructure maintenance checks...
[2025-07-15 12:51:09] [WARNING] Maintenance checks failed or incomplete
[2025-07-15 12:51:09] [INFO] Checking Terraform state health...
[2025-07-15 12:51:11] [WARNING] 10 Terraform configuration(s) have validation issues
[2025-07-15 12:51:11] [INFO] Scanning for exposed credentials...
[2025-07-15 12:51:11] [SUCCESS] Infrastructure health assessment complete (Score: 0/100)
[2025-07-15 12:51:11] [INFO] SECTION: Collecting Security Health Metrics
[2025-07-15 12:51:11] [INFO] Scanning for hardcoded secrets...
[2025-07-15 12:51:11] [WARNING] Found        1 potential hardcoded secrets
[2025-07-15 12:51:11] [INFO] Checking sensitive file permissions...
[2025-07-15 12:51:11] [INFO] Checking for insecure configurations...
[2025-07-15 12:51:11] [SUCCESS] No obviously insecure configurations found
[2025-07-15 12:51:11] [SUCCESS] Security health assessment complete (Score: 90/100)
[2025-07-15 12:51:11] [INFO] SECTION: Collecting Performance Metrics
[2025-07-15 12:51:11] [INFO] Analyzing repository size and complexity...
[2025-07-15 12:51:12] [SUCCESS] Performance metrics collection complete (Score: 95/100)
[2025-07-15 12:51:12] [INFO] SECTION: Collecting Compliance and Best Practices Metrics
[2025-07-15 12:51:12] [INFO] Checking .gitignore completeness...
[2025-07-15 12:51:12] [SUCCESS] .gitignore contains all recommended patterns
[2025-07-15 12:51:12] [INFO] Checking provider version constraints...
[2025-07-15 12:51:12] [INFO] Checking for documentation...
[2025-07-15 12:51:13] [SUCCESS] Compliance assessment complete (Score: 84/100)
[2025-07-15 12:51:13] [INFO] SECTION: Checking Dependency Health
[2025-07-15 12:51:13] [INFO] Running dependency update checks...
[2025-07-15 12:51:13] [WARNING] Dependency checks failed or incomplete
[2025-07-15 12:51:13] [INFO] Updating trend data...
[2025-07-15 12:51:13] [INFO] Generating comprehensive markdown report...
[2025-07-15 12:51:13] [SUCCESS] Markdown report generated: /Users/liviu/Desktop/infrastructure-test/reports/health-report-20250715-125109.md
[2025-07-15 12:51:13] [INFO] Generating JSON report...
[2025-07-15 12:51:13] [SUCCESS] JSON report generated: /Users/liviu/Desktop/infrastructure-test/reports/health-report-20250715-125109.json
[2025-07-15 12:51:13] [INFO] Generating CSV report...
[2025-07-15 12:51:13] [SUCCESS] CSV report generated: /Users/liviu/Desktop/infrastructure-test/reports/health-report-20250715-125109.csv
[2025-07-15 12:51:13] [INFO] Generating HTML report...
[2025-07-15 12:51:13] [SUCCESS] HTML report generated: /Users/liviu/Desktop/infrastructure-test/reports/health-report-20250715-125109.html
[2025-07-15 12:51:13] [INFO] Generating executive summary...
[2025-07-15 12:51:13] [SUCCESS] Executive summary generated: /Users/liviu/Desktop/infrastructure-test/reports/executive-summary-20250715-125109.md
[2025-07-15 12:51:13] [INFO] HEADER: Health Assessment Complete
