Infrastructure Health Reporter - Tue Jul 15 12:47:23 EDT 2025
Project Root: /Users/liviu/Desktop/infrastructure-test
Report Generation Started: July 15, 2025 at 12:47:23
========================================
[2025-07-15 12:47:23] [INFO] SECTION: Collecting Infrastructure Health Metrics
[2025-07-15 12:47:23] [INFO] Running infrastructure maintenance checks...
[2025-07-15 12:47:23] [WARNING] Maintenance checks failed or incomplete
[2025-07-15 12:47:23] [INFO] Checking Terraform state health...
[2025-07-15 12:47:24] [WARNING] 10 Terraform configuration(s) have validation issues
[2025-07-15 12:47:24] [INFO] Scanning for exposed credentials...
[2025-07-15 12:47:24] [SUCCESS] Infrastructure health assessment complete (Score: 0/100)
[2025-07-15 12:47:24] [INFO] SECTION: Collecting Security Health Metrics
[2025-07-15 12:47:24] [INFO] Scanning for hardcoded secrets...
[2025-07-15 12:47:24] [WARNING] Found        1 potential hardcoded secrets
[2025-07-15 12:47:24] [INFO] Checking sensitive file permissions...
[2025-07-15 12:47:24] [INFO] Checking for insecure configurations...
[2025-07-15 12:47:24] [SUCCESS] No obviously insecure configurations found
[2025-07-15 12:47:24] [SUCCESS] Security health assessment complete (Score: 90/100)
[2025-07-15 12:47:24] [INFO] SECTION: Collecting Performance Metrics
[2025-07-15 12:47:24] [INFO] Analyzing repository size and complexity...
