Infrastructure Health Reporter - Tue Jul 15 12:47:51 EDT 2025
Project Root: /Users/liviu/Desktop/infrastructure-test
Report Generation Started: July 15, 2025 at 12:47:51
========================================
[2025-07-15 12:47:51] [INFO] SECTION: Collecting Infrastructure Health Metrics
[2025-07-15 12:47:51] [INFO] Running infrastructure maintenance checks...
[2025-07-15 12:47:51] [WARNING] Maintenance checks failed or incomplete
[2025-07-15 12:47:51] [INFO] Checking Terraform state health...
[2025-07-15 12:47:52] [WARNING] 10 Terraform configuration(s) have validation issues
[2025-07-15 12:47:52] [INFO] Scanning for exposed credentials...
[2025-07-15 12:47:52] [SUCCESS] Infrastructure health assessment complete (Score: 0/100)
[2025-07-15 12:47:52] [INFO] SECTION: Collecting Security Health Metrics
[2025-07-15 12:47:52] [INFO] Scanning for hardcoded secrets...
[2025-07-15 12:47:52] [WARNING] Found        1 potential hardcoded secrets
[2025-07-15 12:47:52] [INFO] Checking sensitive file permissions...
[2025-07-15 12:47:52] [INFO] Checking for insecure configurations...
[2025-07-15 12:47:52] [SUCCESS] No obviously insecure configurations found
[2025-07-15 12:47:52] [SUCCESS] Security health assessment complete (Score: 90/100)
[2025-07-15 12:47:52] [INFO] SECTION: Collecting Performance Metrics
[2025-07-15 12:47:52] [INFO] Analyzing repository size and complexity...
[2025-07-15 12:47:53] [SUCCESS] Performance metrics collection complete (Score: 95/100)
[2025-07-15 12:47:53] [INFO] SECTION: Collecting Compliance and Best Practices Metrics
[2025-07-15 12:47:53] [INFO] Checking .gitignore completeness...
[2025-07-15 12:47:53] [SUCCESS] .gitignore contains all recommended patterns
[2025-07-15 12:47:53] [INFO] Checking provider version constraints...
[2025-07-15 12:47:53] [INFO] Checking for documentation...
[2025-07-15 12:47:53] [SUCCESS] Compliance assessment complete (Score: 84/100)
[2025-07-15 12:47:53] [INFO] SECTION: Checking Dependency Health
[2025-07-15 12:47:53] [INFO] Running dependency update checks...
[2025-07-15 12:47:53] [WARNING] Dependency checks failed or incomplete
