==========================================
Infrastructure Manager Session Started
==========================================
Date: Tue Jul 15 15:03:43 EDT 2025
Version: 1.0.0
Project Root: /Users/liviu/Desktop/infrastructure-test
Session ID: 20250715-150343
==========================================
HEADER: ❓ Help & Examples
HEADER: 📈 Session Summary
==========================================
Infrastructure Manager Session Ended
==========================================
End Time: Tue Jul 15 15:03:43 EDT 2025
Duration: 0s
Operations: 0 (Success: 0, Failed: 0)
==========================================
==========================================
Infrastructure Manager Session Ended
==========================================
End Time: Tue Jul 15 15:03:43 EDT 2025
Duration: 0s
Operations: 0 (Success: 0, Failed: 0)
==========================================
