==========================================
Infrastructure Manager Session Started
==========================================
Date: Tue Jul 15 15:11:01 EDT 2025
Version: 1.0.0
Project Root: /Users/liviu/Desktop/infrastructure-test
Session ID: 20250715-151100
==========================================
HEADER: 🔍 Quick Health Check
INFO: Running basic infrastructure health checks...
SECTION: Executing Quick Health Check
ERROR: Quick Health Check failed
OPERATION: Quick Health Check | STATUS: failed | TIME: Tue Jul 15 15:11:01 EDT 2025
HEADER: 📈 Session Summary
==========================================
Infrastructure Manager Session Ended
==========================================
End Time: Tue Jul 15 15:11:01 EDT 2025
Duration: 1s
Operations: 1 (Success: 0, Failed: 1)
==========================================
