==========================================
Infrastructure Manager Session Started
==========================================
Date: Tue Jul 15 15:20:54 EDT 2025
Version: 1.0.0
Project Root: /Users/liviu/Desktop/infrastructure-test
Session ID: 20250715-152054
==========================================
HEADER: 🔧 System Status
HEADER: 📈 Session Summary
==========================================
Infrastructure Manager Session Ended
==========================================
End Time: Tue Jul 15 15:20:54 EDT 2025
Duration: 0s
Operations: 0 (Success: 0, Failed: 0)
==========================================
==========================================
Infrastructure Manager Session Ended
==========================================
End Time: Tue Jul 15 15:20:54 EDT 2025
Duration: 0s
Operations: 0 (Success: 0, Failed: 0)
==========================================
